<?xml version="1.0" encoding="UTF-8"?>
<testsuite xmlns:xsi="http://www.w3.org/2001/XMLSchema-instance" xsi:noNamespaceSchemaLocation="https://maven.apache.org/surefire/maven-surefire-plugin/xsd/surefire-test-report-3.0.xsd" version="3.0" name="com.jshook.analysis.ScoringDebugTest" time="0.064" tests="1" errors="0" skipped="0" failures="0">
  <properties>
[...]
</properties>
  <testcase name="debugScoring" classname="com.jshook.analysis.ScoringDebugTest" time="0.049">
    <system-out><![CDATA[=== TEST SYSTEMS ===
high_perf: throughput=2000.0 MB/s, latency=100.0 us, knee=25.0%
medium_perf: throughput=1000.0 MB/s, latency=200.0 us, knee=50.0%
low_perf: throughput=500.0 MB/s, latency=1000.0 us, knee=75.0%
high_throughput_bad_latency: throughput=3000.0 MB/s, latency=2000.0 us, knee=150.0%

=== SCORING RESULTS ===
1. high_perf: score=0.857247
   Component scores: {optimal_throughput_mbps=0.7735882348492368, knee_point_latency_increase_percent=1.0, optimal_latency_p99_us=1.0}
   Scoring breakdown for high_perf:
   - optimal_throughput_mbps: 0.774 (weight: 0.6, raw: 2000.0)
   - optimal_latency_p99_us: 1.000 (weight: 0.3, raw: 100.0)
   - knee_point_latency_increase_percent: 1.000 (weight: 0.1, raw: 25.0)
   Total Score: 0.857

2. medium_perf: score=0.414053
   Component scores: {optimal_throughput_mbps=0.3866547736720795, knee_point_latency_increase_percent=0.40784313725490196, optimal_latency_p99_us=0.477207417898258}
   Scoring breakdown for medium_perf:
   - optimal_throughput_mbps: 0.387 (weight: 0.6, raw: 1000.0)
   - optimal_latency_p99_us: 0.477 (weight: 0.3, raw: 200.0)
   - knee_point_latency_increase_percent: 0.408 (weight: 0.1, raw: 50.0)
   Total Score: 0.414

3. low_perf: score=0.000000
   Component scores: {optimal_throughput_mbps=0.0, knee_point_latency_increase_percent=0.06157894736842103, optimal_latency_p99_us=0.053340594368367904}
   Scoring breakdown for low_perf:
   - optimal_throughput_mbps: 0.000 (weight: 0.6, raw: 500.0)
   - optimal_latency_p99_us: 0.053 (weight: 0.3, raw: 1000.0)
   - knee_point_latency_increase_percent: 0.062 (weight: 0.1, raw: 75.0)
   Total Score: 0.000

4. high_throughput_bad_latency: score=0.000000
   Component scores: {optimal_throughput_mbps=1.0, knee_point_latency_increase_percent=0.0, optimal_latency_p99_us=0.0}
   Scoring breakdown for high_throughput_bad_latency:
   - optimal_throughput_mbps: 1.000 (weight: 0.6, raw: 3000.0)
   - optimal_latency_p99_us: 0.000 (weight: 0.3, raw: 2000.0)
   - knee_point_latency_increase_percent: 0.000 (weight: 0.1, raw: 150.0)
   Total Score: 0.000

]]></system-out>
  </testcase>
</testsuite>